C51 COMPILER V9.00   EXPERIMENT1                                                           04/28/2021 15:48:42 PAGE 1   


C51 COMPILER V9.00, COMPILATION OF MODULE EXPERIMENT1
OBJECT MODULE PLACED IN Experiment1.OBJ
COMPILER INVOKED BY: D:\Keil\C51\BIN\C51.EXE Experiment1.c BROWSE DEBUG OBJECTEXTEND

line level    source

   1          #include <reg51.h>
   2          
   3          #define uchar unsigned char
   4          #define uint unsigned int
   5          
   6          void delay(){
   7   1              int i,j;
   8   1              for(i = 0; i<110;++i)
   9   1                      {
  10   2                              for(j = 0; j<1000;++j)
  11   2                                      {
  12   3                                      ;
  13   3                                      }
  14   2                      }
  15   1      
  16   1      }
  17          
  18          void main(){
  19   1              uchar nu;
  20   1              uint count = 0;
  21   1              uchar p1s = 0xfe;
  22   1              P1=p1s;
  23   1      
  24   1              while(1){
  25   2                      if(count>=8){
  26   3                              p1s=0xfe;
  27   3                              count = 0;
  28   3                      }
  29   2                      P1 = p1s;
  30   2                      delay();
  31   2      
  32   2                      p1s <<= 1;
  33   2                      p1s ++;
  34   2                      count ++;
  35   2                      
  36   2              }
  37   1      }
*** WARNING C280 IN LINE 19 OF EXPERIMENT1.C: 'nu': unreferenced local variable
  38          


MODULE INFORMATION:   STATIC OVERLAYABLE
   CODE SIZE        =     67    ----
   CONSTANT SIZE    =   ----    ----
   XDATA SIZE       =   ----    ----
   PDATA SIZE       =   ----    ----
   DATA SIZE        =   ----       1
   IDATA SIZE       =   ----    ----
   BIT SIZE         =   ----    ----
END OF MODULE INFORMATION.


C51 COMPILATION COMPLETE.  1 WARNING(S),  0 ERROR(S)
