C51 COMPILER V9.00   EXPERIMENT2                                                           05/12/2021 16:33:04 PAGE 1   


C51 COMPILER V9.00, COMPILATION OF MODULE EXPERIMENT2
OBJECT MODULE PLACED IN Experiment2.OBJ
COMPILER INVOKED BY: D:\Keil\C51\BIN\C51.EXE Experiment2.c BROWSE DEBUG OBJECTEXTEND

line level    source

   1          #include <reg52.h>
   2          
   3          #define uchar unsigned char
   4          #define uint unsigned int
   5          
   6          uchar LEDnumber[] = {0xc0,0xf9,0xa4,0xb0,0x99,0x92,0x82,0xf8,0x80,0x90};
   7          
   8          uchar LED;
   9          uint num;
  10          
  11          int main(){
  12   1              num = 0;
  13   1              LED = LEDnumber[0];
  14   1              
  15   1              IT0 = 0;
  16   1              EX0=1;
  17   1              EA =1;
  18   1      
  19   1              while(1) P0 = LED;
  20   1      }
  21          
  22          void click(void) interrupt 0 {
  23   1              num++;
  24   1              if(num<=9){
  25   2                      LED = LEDnumber[num];
  26   2              }
  27   1              else{
  28   2                      num = 0;
  29   2                      LED = LEDnumber[num];
  30   2              }
  31   1      }


MODULE INFORMATION:   STATIC OVERLAYABLE
   CODE SIZE        =     68    ----
   CONSTANT SIZE    =   ----    ----
   XDATA SIZE       =   ----    ----
   PDATA SIZE       =   ----    ----
   DATA SIZE        =     13    ----
   IDATA SIZE       =   ----    ----
   BIT SIZE         =   ----    ----
END OF MODULE INFORMATION.


C51 COMPILATION COMPLETE.  0 WARNING(S),  0 ERROR(S)
