C51 COMPILER V9.00   EXPERIMENT6                                                           04/28/2021 16:33:34 PAGE 1   


C51 COMPILER V9.00, COMPILATION OF MODULE EXPERIMENT6
OBJECT MODULE PLACED IN Experiment6.OBJ
COMPILER INVOKED BY: D:\Keil\C51\BIN\C51.EXE Experiment6.c BROWSE DEBUG OBJECTEXTEND

line level    source

   1          #include <reg52.h>
   2          
   3          #define uchar unsigned char
   4          #define uint unsigned int
   5          
   6          uchar LEDnumber[] = {0xc0,0xf9,0xa4,0xb0,0x99,0x92,0x82,0xf8,0x80,0x90};
   7          
   8          void delay(int n){
   9   1              int i,j;
  10   1              for(i = 0; i<110;++i)
  11   1                      {
  12   2                              for(j = 0; j<n;++j)
  13   2                                      {
  14   3                                      ;
  15   3                                      }
  16   2                      }
  17   1      
  18   1      }
  19          
  20          void main(){
  21   1                uchar LED = 0x00;
  22   1                uint i = 0;
  23   1                while(1){
  24   2                        LED = LEDnumber[i];
  25   2                        P0 = LED;
  26   2                        delay(200);
  27   2      
  28   2                        i++;
  29   2                        if(i>=10) i=0;
  30   2                }
  31   1      }


MODULE INFORMATION:   STATIC OVERLAYABLE
   CODE SIZE        =     79    ----
   CONSTANT SIZE    =   ----    ----
   XDATA SIZE       =   ----    ----
   PDATA SIZE       =   ----    ----
   DATA SIZE        =     10    ----
   IDATA SIZE       =   ----    ----
   BIT SIZE         =   ----    ----
END OF MODULE INFORMATION.


C51 COMPILATION COMPLETE.  0 WARNING(S),  0 ERROR(S)
