C51 COMPILER V9.00   EXPERIMENT4                                                           06/09/2021 16:49:42 PAGE 1   


C51 COMPILER V9.00, COMPILATION OF MODULE EXPERIMENT4
OBJECT MODULE PLACED IN Experiment4.OBJ
COMPILER INVOKED BY: D:\Keil\C51\BIN\C51.EXE Experiment4.c BROWSE DEBUG OBJECTEXTEND

line level    source

   1          #include <reg52.h>
   2          
   3          #define uchar unsigned char
   4          #define uint unsigned int
   5          
   6          uint isClick = 1;
   7          
   8          void delay(){
   9   1              int i,j;
  10   1              for(i = 0; i<110;++i)
  11   1                      {
  12   2                              for(j = 0; j<1000;++j)
  13   2                                      {
  14   3                                      ;
  15   3                                      }
  16   2                      }
  17   1      
  18   1      }
  19          
  20          int main(){
  21   1         IT0 = 1;
  22   1         EX0 = 1;
  23   1         EA = 1;
  24   1         while(1){
  25   2               if(isClick == 1){
  26   3                      uchar nu;
  27   3                      uint count = 0;
  28   3                      uchar p1s = 0xfe;
  29   3                      P1=p1s;
  30   3      
  31   3                      while(count<8){
  32   4                              P1 = p1s;
  33   4                              delay();
  34   4      
  35   4                              p1s <<= 1;
  36   4                              p1s ++;
  37   4                              count ++;
  38   4                      
  39   4                      }
  40   3      
  41   3                      isClick = 0;
  42   3               }
  43   2         }
  44   1      }
*** WARNING C280 IN LINE 26 OF EXPERIMENT4.C: 'nu': unreferenced local variable
  45          
  46          void click(void) interrupt 0 {
  47   1              EX0 = 0;
  48   1              isClick = 1;
  49   1              EX0 = 1;
  50   1      }


MODULE INFORMATION:   STATIC OVERLAYABLE
   CODE SIZE        =    102    ----
C51 COMPILER V9.00   EXPERIMENT4                                                           06/09/2021 16:49:42 PAGE 2   

   CONSTANT SIZE    =   ----    ----
   XDATA SIZE       =   ----    ----
   PDATA SIZE       =   ----    ----
   DATA SIZE        =      2       4
   IDATA SIZE       =   ----    ----
   BIT SIZE         =   ----    ----
END OF MODULE INFORMATION.


C51 COMPILATION COMPLETE.  1 WARNING(S),  0 ERROR(S)
