C51 COMPILER V9.00   EXPERIMENT3                                                           06/09/2021 15:29:01 PAGE 1   


C51 COMPILER V9.00, COMPILATION OF MODULE EXPERIMENT3
OBJECT MODULE PLACED IN Experiment3.OBJ
COMPILER INVOKED BY: D:\Keil\C51\BIN\C51.EXE Experiment3.c BROWSE DEBUG OBJECTEXTEND

line level    source

   1          #include <reg52.h>
   2          
   3          #define uchar unsigned char
   4          #define uint unsigned int
   5          
   6          uint time;
   7          uint led;\
   8          
   9          sbit P1_0=P1^0;
  10          
  11          int main(){
  12   1              //分100个10ms实现
  13   1              TMOD = 0x01;
  14   1              TH0 = (65536-10000)/256;
  15   1              TL0 = (65536-10000)%256;
  16   1              EA = 1;
  17   1              ET0 = 1;
  18   1              TR0 = 1;
  19   1      
  20   1              time = 0;
  21   1              led = 0;
  22   1              
  23   1              while(1){
  24   2                      P1_0 = led;     
  25   2              }
  26   1      
  27   1              return 0;
  28   1      }
  29          
  30          void LED_change() interrupt 1 {
  31   1              TR0=0;
  32   1      
  33   1              time++;
  34   1              if(time>=100){
  35   2                        led = !led;
  36   2                        time = 0;
  37   2              }
  38   1      
  39   1              TH0 = (65536-10000)/256;
  40   1              TL0 = (65536-10000)%256;
  41   1              TR0 = 1;
  42   1      }


MODULE INFORMATION:   STATIC OVERLAYABLE
   CODE SIZE        =    100    ----
   CONSTANT SIZE    =   ----    ----
   XDATA SIZE       =   ----    ----
   PDATA SIZE       =   ----    ----
   DATA SIZE        =      4    ----
   IDATA SIZE       =   ----    ----
   BIT SIZE         =   ----    ----
END OF MODULE INFORMATION.


C51 COMPILATION COMPLETE.  0 WARNING(S),  0 ERROR(S)
